<component name="libraryTable">
  <library name="Junit Dependencies">
    <CLASSES>
      <root url="file://$USER_HOME$/Downloads/Junit Dependencies" />
    </CLASSES>
    <JAVADOC />
    <SOURCES />
    <jarDirectory url="file://$USER_HOME$/Downloads/Junit Dependencies" recursive="false" />
  </library>
</component>